0 info it worked if it ends with ok
1 verbose cli [ 'node', '/usr/local/bin/npm', 'install', 'ar-drone' ]
2 info using npm@2.9.1
3 info using node@v0.12.3
4 verbose install initial load of /Users/ivan/Desktop/dronestream/package.json
5 verbose installManyTop reading scoped package data from /Users/ivan/Desktop/dronestream/node_modules/buffy/package.json
6 verbose readDependencies loading dependencies from /Users/ivan/Desktop/dronestream/package.json
7 silly cache add args [ 'ar-drone@0.2.0', null ]
8 verbose cache add spec ar-drone@0.2.0
9 silly cache add parsed spec { raw: 'ar-drone@0.2.0',
9 silly cache add   scope: null,
9 silly cache add   name: 'ar-drone',
9 silly cache add   rawSpec: '0.2.0',
9 silly cache add   spec: '0.2.0',
9 silly cache add   type: 'version' }
10 silly addNamed ar-drone@0.2.0
11 verbose addNamed "0.2.0" is a plain semver version for ar-drone
12 silly mapToRegistry name ar-drone
13 silly mapToRegistry using default registry
14 silly mapToRegistry registry https://registry.npmjs.org/
15 silly mapToRegistry uri https://registry.npmjs.org/ar-drone
16 verbose addNameVersion registry:https://registry.npmjs.org/ar-drone not in flight; fetching
17 verbose request uri https://registry.npmjs.org/ar-drone
18 verbose request no auth needed
19 info attempt registry request try #1 at 16:50:37
20 verbose request id 2f1134f17ed26a8f
21 http request GET https://registry.npmjs.org/ar-drone
22 info retry will retry, error on last attempt: Error: getaddrinfo ENOTFOUND registry.npmjs.org
23 info attempt registry request try #2 at 16:50:47
24 http request GET https://registry.npmjs.org/ar-drone
25 info retry will retry, error on last attempt: Error: getaddrinfo ENOTFOUND registry.npmjs.org
26 info attempt registry request try #3 at 16:51:47
27 http request GET https://registry.npmjs.org/ar-drone
28 verbose stack Error: getaddrinfo ENOTFOUND registry.npmjs.org
28 verbose stack     at errnoException (dns.js:44:10)
28 verbose stack     at GetAddrInfoReqWrap.onlookup [as oncomplete] (dns.js:94:26)
29 verbose cwd /Users/ivan/Desktop/dronestream/example/createServer
30 error Darwin 14.3.0
31 error argv "node" "/usr/local/bin/npm" "install" "ar-drone"
32 error node v0.12.3
33 error npm  v2.9.1
34 error code ENOTFOUND
35 error errno ENOTFOUND
36 error syscall getaddrinfo
37 error network getaddrinfo ENOTFOUND registry.npmjs.org
37 error network This is most likely not a problem with npm itself
37 error network and is related to network connectivity.
37 error network In most cases you are behind a proxy or have bad network settings.
37 error network
37 error network If you are behind a proxy, please make sure that the
37 error network 'proxy' config is set properly.  See: 'npm help config'
38 verbose exit [ 1, true ]
